<?xml version="1.0" encoding="UTF-8"?>
<testng-results ignored="0" total="3" passed="3" failed="0" skipped="0">
  <reporter-output>
  </reporter-output>
  <suite started-at="2023-12-11T13:32:47 PST" name="Default suite" finished-at="2023-12-11T13:32:52 PST" duration-ms="5030">
    <groups>
    </groups>
    <test started-at="2023-12-11T13:32:47 PST" name="Default test" finished-at="2023-12-11T13:32:52 PST" duration-ms="5030">
      <class name="test.PutPatchAndDelete">
        <test-method signature="testDelete()[pri:0, instance:test.PutPatchAndDelete@1677d1]" started-at="2023-12-11T13:32:47 PST" name="testDelete" finished-at="2023-12-11T13:32:50 PST" duration-ms="2921" status="PASS">
          <reporter-output>
          </reporter-output>
        </test-method> <!-- testDelete -->
        <test-method signature="testPatch()[pri:0, instance:test.PutPatchAndDelete@1677d1]" started-at="2023-12-11T13:32:50 PST" name="testPatch" finished-at="2023-12-11T13:32:51 PST" duration-ms="980" status="PASS">
          <reporter-output>
          </reporter-output>
        </test-method> <!-- testPatch -->
        <test-method signature="testPut()[pri:0, instance:test.PutPatchAndDelete@1677d1]" started-at="2023-12-11T13:32:51 PST" name="testPut" finished-at="2023-12-11T13:32:52 PST" duration-ms="1052" status="PASS">
          <reporter-output>
          </reporter-output>
        </test-method> <!-- testPut -->
      </class> <!-- test.PutPatchAndDelete -->
    </test> <!-- Default test -->
  </suite> <!-- Default suite -->
</testng-results>
