<?xml version="1.0" encoding="UTF-8"?>
<!-- Generated by org.testng.reporters.JUnitXMLReporter -->
<testsuite ignored="0" hostname="Barapido-Arving" failures="0" tests="3" name="Default test" time="5.03" errors="0" timestamp="2023-12-11T13:32:52 PST">
  <testcase classname="test.PutPatchAndDelete" name="testDelete" time="2.921"/>
  <testcase classname="test.PutPatchAndDelete" name="testPatch" time="0.98"/>
  <testcase classname="test.PutPatchAndDelete" name="testPut" time="1.052"/>
</testsuite> <!-- Default test -->
